This file contains any messages produced by compilers while
running configure, to aid debugging if configure makes a mistake.

It was created by Flocq configure 2.1.0, which was
generated by GNU Autoconf 2.68.  Invocation command line was

  $ ./configure 

## --------- ##
## Platform. ##
## --------- ##

hostname = Gregs-MacBook-Air.local
uname -m = x86_64
uname -r = 11.4.0
uname -s = Darwin
uname -v = Darwin Kernel Version 11.4.0: Mon Apr  9 19:32:15 PDT 2012; root:xnu-1699.26.8~1/RELEASE_X86_64

/usr/bin/uname -p = i386
/bin/uname -X     = unknown

/bin/arch              = unknown
/usr/bin/arch -k       = unknown
/usr/convex/getsysinfo = unknown
/usr/bin/hostinfo      = Mach kernel version:
	 Darwin Kernel Version 11.4.0: Mon Apr  9 19:32:15 PDT 2012; root:xnu-1699.26.8~1/RELEASE_X86_64
Kernel configured for up to 4 processors.
2 processors are physically available.
4 processors are logically available.
Processor type: i486 (Intel 80486)
Processors active: 0 1 2 3
Primary memory available: 4.00 gigabytes
Default processor set: 91 tasks, 439 threads, 4 processors
Load average: 0.38, Mach factor: 3.62
/bin/machine           = unknown
/usr/bin/oslevel       = unknown
/bin/universe          = unknown

PATH: /Users/greg_morrisett/Library/Haskell/bin
PATH: /usr/texbin
PATH: /opt/local/bin
PATH: /opt/local/sbin
PATH: /usr/bin
PATH: /bin
PATH: /usr/sbin
PATH: /sbin
PATH: /usr/local/bin
PATH: /usr/X11/bin
PATH: /usr/texbin


## ----------- ##
## Core tests. ##
## ----------- ##

configure:1752: checking for a BSD-compatible install
configure:1820: result: /usr/bin/install -c
configure:1831: checking whether build environment is sane
configure:1881: result: yes
configure:2022: checking for a thread-safe mkdir -p
configure:2061: result: ./install-sh -c -d
configure:2074: checking for gawk
configure:2104: result: no
configure:2074: checking for mawk
configure:2104: result: no
configure:2074: checking for nawk
configure:2104: result: no
configure:2074: checking for awk
configure:2090: found /usr/bin/awk
configure:2101: result: awk
configure:2112: checking whether make sets $(MAKE)
configure:2134: result: yes
configure:2263: checking for coqc
configure:2279: found /usr/local/bin/coqc
configure:2290: result: coqc
configure:2357: checking for coqdep
configure:2373: found /usr/local/bin/coqdep
configure:2384: result: coqdep
configure:2451: checking for coqdoc
configure:2467: found /usr/local/bin/coqdoc
configure:2478: result: coqdoc
configure:2666: creating ./config.status

## ---------------------- ##
## Running config.status. ##
## ---------------------- ##

This file was extended by Flocq config.status 2.1.0, which was
generated by GNU Autoconf 2.68.  Invocation command line was

  CONFIG_FILES    = 
  CONFIG_HEADERS  = 
  CONFIG_LINKS    = 
  CONFIG_COMMANDS = 
  $ ./config.status 

on Gregs-MacBook-Air.local

config.status:756: creating Makefile
config.status:756: creating src/Makefile
config.status:756: creating src/Flocq_version.v

## ---------------- ##
## Cache variables. ##
## ---------------- ##

ac_cv_env_COQC_set=
ac_cv_env_COQC_value=
ac_cv_env_COQDEP_set=
ac_cv_env_COQDEP_value=
ac_cv_env_COQDOC_set=
ac_cv_env_COQDOC_value=
ac_cv_env_build_alias_set=
ac_cv_env_build_alias_value=
ac_cv_env_host_alias_set=
ac_cv_env_host_alias_value=
ac_cv_env_target_alias_set=
ac_cv_env_target_alias_value=
ac_cv_path_install='/usr/bin/install -c'
ac_cv_prog_AWK=awk
ac_cv_prog_ac_ct_COQC=coqc
ac_cv_prog_ac_ct_COQDEP=coqdep
ac_cv_prog_ac_ct_COQDOC=coqdoc
ac_cv_prog_make_make_set=yes

## ----------------- ##
## Output variables. ##
## ----------------- ##

ACLOCAL='${SHELL} /Users/greg_morrisett/Devel/GoNative/verifier/CPUmodels/x86model/Model/flocq-2.1.0/missing --run aclocal-1.11'
AMTAR='$${TAR-tar}'
AUTOCONF='${SHELL} /Users/greg_morrisett/Devel/GoNative/verifier/CPUmodels/x86model/Model/flocq-2.1.0/missing --run autoconf'
AUTOHEADER='${SHELL} /Users/greg_morrisett/Devel/GoNative/verifier/CPUmodels/x86model/Model/flocq-2.1.0/missing --run autoheader'
AUTOMAKE='${SHELL} /Users/greg_morrisett/Devel/GoNative/verifier/CPUmodels/x86model/Model/flocq-2.1.0/missing --run automake-1.11'
AWK='awk'
COQC='coqc'
COQDEP='coqdep'
COQDOC='coqdoc'
COQRFLAG='-R . Flocq'
CYGPATH_W='echo'
DEFS='-DPACKAGE_NAME=\"Flocq\" -DPACKAGE_TARNAME=\"flocq\" -DPACKAGE_VERSION=\"2.1.0\" -DPACKAGE_STRING=\"Flocq\ 2.1.0\" -DPACKAGE_BUGREPORT=\"Sylvie\ Boldo\ \<sylvie.boldo@inria.fr\>,\ Guillaume\ Melquiond\ \<guillaume.melquiond@inria.fr\>\" -DPACKAGE_URL=\"\" -DPACKAGE=\"flocq\" -DVERSION=\"2.1.0\"'
ECHO_C='\c'
ECHO_N=''
ECHO_T=''
INSTALL_DATA='${INSTALL} -m 644'
INSTALL_PROGRAM='${INSTALL}'
INSTALL_SCRIPT='${INSTALL}'
INSTALL_STRIP_PROGRAM='$(install_sh) -c -s'
LIBOBJS=''
LIBS=''
LTLIBOBJS=''
MAKEINFO='${SHELL} /Users/greg_morrisett/Devel/GoNative/verifier/CPUmodels/x86model/Model/flocq-2.1.0/missing --run makeinfo'
MKDIR_P='./install-sh -c -d'
PACKAGE='flocq'
PACKAGE_BUGREPORT='Sylvie Boldo <sylvie.boldo@inria.fr>, Guillaume Melquiond <guillaume.melquiond@inria.fr>'
PACKAGE_NAME='Flocq'
PACKAGE_STRING='Flocq 2.1.0'
PACKAGE_TARNAME='flocq'
PACKAGE_URL=''
PACKAGE_VERSION='2.1.0'
PATH_SEPARATOR=':'
SET_MAKE=''
SHELL='/bin/sh'
STRIP=''
VERSION='2.1.0'
am__isrc=''
am__leading_dot='.'
am__tar='$${TAR-tar} chof - "$$tardir"'
am__untar='$${TAR-tar} xf -'
bindir='${exec_prefix}/bin'
build_alias=''
datadir='${datarootdir}'
datarootdir='${prefix}/share'
docdir='${datarootdir}/doc/${PACKAGE_TARNAME}'
dvidir='${docdir}'
exec_prefix='${prefix}'
host_alias=''
htmldir='${docdir}'
includedir='${prefix}/include'
infodir='${datarootdir}/info'
install_sh='${SHELL} /Users/greg_morrisett/Devel/GoNative/verifier/CPUmodels/x86model/Model/flocq-2.1.0/install-sh'
libdir='`$(COQC) -where`/user-contrib/Flocq'
libexecdir='${exec_prefix}/libexec'
localedir='${datarootdir}/locale'
localstatedir='${prefix}/var'
mandir='${datarootdir}/man'
mkdir_p='$(top_builddir)/./install-sh -c -d'
oldincludedir='/usr/include'
pdfdir='${docdir}'
prefix='/usr/local'
program_transform_name='s,x,x,'
psdir='${docdir}'
sbindir='${exec_prefix}/sbin'
sharedstatedir='${prefix}/com'
sysconfdir='${prefix}/etc'
target_alias=''

## ----------- ##
## confdefs.h. ##
## ----------- ##

/* confdefs.h */
#define PACKAGE_NAME "Flocq"
#define PACKAGE_TARNAME "flocq"
#define PACKAGE_VERSION "2.1.0"
#define PACKAGE_STRING "Flocq 2.1.0"
#define PACKAGE_BUGREPORT "Sylvie Boldo <sylvie.boldo@inria.fr>, Guillaume Melquiond <guillaume.melquiond@inria.fr>"
#define PACKAGE_URL ""
#define PACKAGE "flocq"
#define VERSION "2.1.0"

configure: exit 0
