This file contains any messages produced by compilers while
running configure, to aid debugging if configure makes a mistake.

It was created by Flocq configure 2.5.1, which was
generated by GNU Autoconf 2.69.  Invocation command line was

  $ ./configure 

## --------- ##
## Platform. ##
## --------- ##

hostname = gangtan-VirtualBox
uname -m = x86_64
uname -r = 4.4.0-21-generic
uname -s = Linux
uname -v = #37-Ubuntu SMP Mon Apr 18 18:33:37 UTC 2016

/usr/bin/uname -p = unknown
/bin/uname -X     = unknown

/bin/arch              = unknown
/usr/bin/arch -k       = unknown
/usr/convex/getsysinfo = unknown
/usr/bin/hostinfo      = unknown
/bin/machine           = unknown
/usr/bin/oslevel       = unknown
/bin/universe          = unknown

PATH: /home/gtan/bin
PATH: /usr/local/sbin
PATH: /usr/local/bin
PATH: /usr/sbin
PATH: /usr/bin
PATH: /sbin
PATH: /bin
PATH: /usr/games
PATH: /usr/local/games
PATH: /snap/bin


## ----------- ##
## Core tests. ##
## ----------- ##

configure:1814: checking for g++
configure:1830: found /usr/bin/g++
configure:1841: result: g++
configure:1868: checking for C++ compiler version
configure:1877: g++ --version >&5
g++ (Ubuntu 5.3.1-14ubuntu2) 5.3.1 20160413
Copyright (C) 2015 Free Software Foundation, Inc.
This is free software; see the source for copying conditions.  There is NO
warranty; not even for MERCHANTABILITY or FITNESS FOR A PARTICULAR PURPOSE.

configure:1888: $? = 0
configure:1877: g++ -v >&5
Using built-in specs.
COLLECT_GCC=g++
COLLECT_LTO_WRAPPER=/usr/lib/gcc/x86_64-linux-gnu/5/lto-wrapper
Target: x86_64-linux-gnu
Configured with: ../src/configure -v --with-pkgversion='Ubuntu 5.3.1-14ubuntu2' --with-bugurl=file:///usr/share/doc/gcc-5/README.Bugs --enable-languages=c,ada,c++,java,go,d,fortran,objc,obj-c++ --prefix=/usr --program-suffix=-5 --enable-shared --enable-linker-build-id --libexecdir=/usr/lib --without-included-gettext --enable-threads=posix --libdir=/usr/lib --enable-nls --with-sysroot=/ --enable-clocale=gnu --enable-libstdcxx-debug --enable-libstdcxx-time=yes --with-default-libstdcxx-abi=new --enable-gnu-unique-object --disable-vtable-verify --enable-libmpx --enable-plugin --with-system-zlib --disable-browser-plugin --enable-java-awt=gtk --enable-gtk-cairo --with-java-home=/usr/lib/jvm/java-1.5.0-gcj-5-amd64/jre --enable-java-home --with-jvm-root-dir=/usr/lib/jvm/java-1.5.0-gcj-5-amd64 --with-jvm-jar-dir=/usr/lib/jvm-exports/java-1.5.0-gcj-5-amd64 --with-arch-directory=amd64 --with-ecj-jar=/usr/share/java/eclipse-ecj.jar --enable-objc-gc --enable-multiarch --disable-werror --with-arch-32=i686 --with-abi=m64 --with-multilib-list=m32,m64,mx32 --enable-multilib --with-tune=generic --enable-checking=release --build=x86_64-linux-gnu --host=x86_64-linux-gnu --target=x86_64-linux-gnu
Thread model: posix
gcc version 5.3.1 20160413 (Ubuntu 5.3.1-14ubuntu2) 
configure:1888: $? = 0
configure:1877: g++ -V >&5
g++: error: unrecognized command line option '-V'
g++: fatal error: no input files
compilation terminated.
configure:1888: $? = 1
configure:1877: g++ -qversion >&5
g++: error: unrecognized command line option '-qversion'
g++: fatal error: no input files
compilation terminated.
configure:1888: $? = 1
configure:1908: checking whether the C++ compiler works
configure:1930: g++    conftest.cpp  >&5
configure:1934: $? = 0
configure:1982: result: yes
configure:1985: checking for C++ compiler default output file name
configure:1987: result: a.out
configure:1993: checking for suffix of executables
configure:2000: g++ -o conftest    conftest.cpp  >&5
configure:2004: $? = 0
configure:2026: result: 
configure:2048: checking whether we are cross compiling
configure:2056: g++ -o conftest    conftest.cpp  >&5
configure:2060: $? = 0
configure:2067: ./conftest
configure:2071: $? = 0
configure:2086: result: no
configure:2091: checking for suffix of object files
configure:2113: g++ -c   conftest.cpp >&5
configure:2117: $? = 0
configure:2138: result: o
configure:2142: checking whether we are using the GNU C++ compiler
configure:2161: g++ -c   conftest.cpp >&5
configure:2161: $? = 0
configure:2170: result: yes
configure:2179: checking whether g++ accepts -g
configure:2199: g++ -c -g  conftest.cpp >&5
configure:2199: $? = 0
configure:2240: result: yes
configure:2268: checking for coqc
configure:2278: result: /usr/local/bin/coqc
configure:2282: checking for coqdep
configure:2292: result: /usr/local/bin/coqdep
configure:2296: checking for coqdoc
configure:2305: result: /usr/local/bin/coqdoc
configure:2312: building remake...
configure:2487: creating ./config.status

## ---------------------- ##
## Running config.status. ##
## ---------------------- ##

This file was extended by Flocq config.status 2.5.1, which was
generated by GNU Autoconf 2.69.  Invocation command line was

  CONFIG_FILES    = 
  CONFIG_HEADERS  = 
  CONFIG_LINKS    = 
  CONFIG_COMMANDS = 
  $ ./config.status 

on gangtan-VirtualBox

config.status:725: creating Remakefile
config.status:725: creating src/Flocq_version.v

## ---------------- ##
## Cache variables. ##
## ---------------- ##

ac_cv_cxx_compiler_gnu=yes
ac_cv_env_CCC_set=
ac_cv_env_CCC_value=
ac_cv_env_COQBIN_set=
ac_cv_env_COQBIN_value=
ac_cv_env_COQC_set=
ac_cv_env_COQC_value=
ac_cv_env_COQDEP_set=
ac_cv_env_COQDEP_value=
ac_cv_env_COQDOC_set=
ac_cv_env_COQDOC_value=
ac_cv_env_CPPFLAGS_set=
ac_cv_env_CPPFLAGS_value=
ac_cv_env_CXXFLAGS_set=
ac_cv_env_CXXFLAGS_value=
ac_cv_env_CXX_set=
ac_cv_env_CXX_value=
ac_cv_env_LDFLAGS_set=
ac_cv_env_LDFLAGS_value=
ac_cv_env_LIBS_set=
ac_cv_env_LIBS_value=
ac_cv_env_build_alias_set=
ac_cv_env_build_alias_value=
ac_cv_env_host_alias_set=
ac_cv_env_host_alias_value=
ac_cv_env_target_alias_set=
ac_cv_env_target_alias_value=
ac_cv_objext=o
ac_cv_prog_ac_ct_CXX=g++
ac_cv_prog_cxx_g=yes

## ----------------- ##
## Output variables. ##
## ----------------- ##

COQBIN=''
COQC='/usr/local/bin/coqc'
COQDEP='/usr/local/bin/coqdep'
COQDOC='/usr/local/bin/coqdoc'
CPPFLAGS=''
CXX='g++'
CXXFLAGS='-g -O2'
DEFS='-DPACKAGE_NAME=\"Flocq\" -DPACKAGE_TARNAME=\"flocq\" -DPACKAGE_VERSION=\"2.5.1\" -DPACKAGE_STRING=\"Flocq\ 2.5.1\" -DPACKAGE_BUGREPORT=\"Sylvie\ Boldo\ \<sylvie.boldo@inria.fr\>,\ Guillaume\ Melquiond\ \<guillaume.melquiond@inria.fr\>\" -DPACKAGE_URL=\"\"'
ECHO_C=''
ECHO_N='-n'
ECHO_T=''
EXEEXT=''
LDFLAGS=''
LIBOBJS=''
LIBS=''
LTLIBOBJS=''
OBJEXT='o'
PACKAGE_BUGREPORT='Sylvie Boldo <sylvie.boldo@inria.fr>, Guillaume Melquiond <guillaume.melquiond@inria.fr>'
PACKAGE_NAME='Flocq'
PACKAGE_STRING='Flocq 2.5.1'
PACKAGE_TARNAME='flocq'
PACKAGE_URL=''
PACKAGE_VERSION='2.5.1'
PATH_SEPARATOR=':'
REMAKE='./remake'
SHELL='/bin/bash'
ac_ct_CXX='g++'
bindir='${exec_prefix}/bin'
build_alias=''
datadir='${datarootdir}'
datarootdir='${prefix}/share'
docdir='${datarootdir}/doc/${PACKAGE_TARNAME}'
dvidir='${docdir}'
exec_prefix='${prefix}'
host_alias=''
htmldir='${docdir}'
includedir='${prefix}/include'
infodir='${datarootdir}/info'
libdir='/usr/local/lib/coq/user-contrib/Flocq'
libexecdir='${exec_prefix}/libexec'
localedir='${datarootdir}/locale'
localstatedir='${prefix}/var'
mandir='${datarootdir}/man'
oldincludedir='/usr/include'
pdfdir='${docdir}'
prefix='/usr/local'
program_transform_name='s,x,x,'
psdir='${docdir}'
sbindir='${exec_prefix}/sbin'
sharedstatedir='${prefix}/com'
sysconfdir='${prefix}/etc'
target_alias=''

## ----------- ##
## confdefs.h. ##
## ----------- ##

/* confdefs.h */
#define PACKAGE_NAME "Flocq"
#define PACKAGE_TARNAME "flocq"
#define PACKAGE_VERSION "2.5.1"
#define PACKAGE_STRING "Flocq 2.5.1"
#define PACKAGE_BUGREPORT "Sylvie Boldo <sylvie.boldo@inria.fr>, Guillaume Melquiond <guillaume.melquiond@inria.fr>"
#define PACKAGE_URL ""

configure: exit 0
